<?xml version="1.0" encoding="UTF-8"?>
<coverage generated="1748452014832" clover="3.2.0">
  <project timestamp="1748452014832" name="All files">
    <metrics statements="69" coveredstatements="64" conditionals="15" coveredconditionals="14" methods="9" coveredmethods="6" elements="93" coveredelements="84" complexity="0" loc="69" ncloc="69" packages="1" files="1" classes="1"/>
    <file name="form_application.js" path="C:\Users\anast\students_site_2 – копія\form_application.js">
      <metrics statements="69" coveredstatements="64" conditionals="15" coveredconditionals="14" methods="9" coveredmethods="6"/>
      <line num="1" count="3" type="stmt"/>
      <line num="2" count="3" type="stmt"/>
      <line num="3" count="3" type="stmt"/>
      <line num="5" count="3" type="stmt"/>
      <line num="6" count="3" type="stmt"/>
      <line num="7" count="3" type="stmt"/>
      <line num="8" count="3" type="stmt"/>
      <line num="9" count="3" type="stmt"/>
      <line num="11" count="3" type="stmt"/>
      <line num="18" count="3" type="stmt"/>
      <line num="27" count="3" type="stmt"/>
      <line num="37" count="3" type="stmt"/>
      <line num="47" count="3" type="stmt"/>
      <line num="48" count="3" type="stmt"/>
      <line num="51" count="3" type="stmt"/>
      <line num="81" count="3" type="stmt"/>
      <line num="119" count="3" type="stmt"/>
      <line num="141" count="3" type="stmt"/>
      <line num="142" count="2" type="stmt"/>
      <line num="143" count="2" type="stmt"/>
      <line num="144" count="1" type="stmt"/>
      <line num="146" count="1" type="stmt"/>
      <line num="150" count="3" type="stmt"/>
      <line num="151" count="2" type="stmt"/>
      <line num="153" count="2" type="stmt"/>
      <line num="154" count="2" type="stmt"/>
      <line num="158" count="1" type="stmt"/>
      <line num="160" count="1" type="stmt"/>
      <line num="166" count="3" type="stmt"/>
      <line num="167" count="2" type="stmt"/>
      <line num="168" count="2" type="stmt"/>
      <line num="169" count="1" type="stmt"/>
      <line num="171" count="1" type="stmt"/>
      <line num="175" count="3" type="stmt"/>
      <line num="176" count="7" type="stmt"/>
      <line num="192" count="7" type="stmt"/>
      <line num="196" count="7" type="stmt"/>
      <line num="197" count="6" type="stmt"/>
      <line num="198" count="6" type="stmt"/>
      <line num="200" count="6" type="cond" truecount="2" falsecount="0"/>
      <line num="201" count="6" type="cond" truecount="2" falsecount="0"/>
      <line num="202" count="6" type="cond" truecount="2" falsecount="0"/>
      <line num="204" count="6" type="cond" truecount="5" falsecount="0"/>
      <line num="205" count="4" type="stmt"/>
      <line num="209" count="2" type="stmt"/>
      <line num="226" count="1" type="stmt"/>
      <line num="228" count="2" type="stmt"/>
      <line num="232" count="3" type="stmt"/>
      <line num="233" count="3" type="stmt"/>
      <line num="235" count="3" type="stmt"/>
      <line num="236" count="3" type="stmt"/>
      <line num="238" count="2" type="cond" truecount="2" falsecount="0"/>
      <line num="239" count="1" type="stmt"/>
      <line num="243" count="1" type="stmt"/>
      <line num="250" count="1" type="stmt"/>
      <line num="251" count="1" type="stmt"/>
      <line num="256" count="3" type="stmt"/>
      <line num="257" count="2" type="stmt"/>
      <line num="258" count="2" type="stmt"/>
      <line num="259" count="1" type="stmt"/>
      <line num="261" count="1" type="stmt"/>
      <line num="262" count="1" type="stmt"/>
      <line num="267" count="3" type="cond" truecount="1" falsecount="1"/>
      <line num="268" count="0" type="stmt"/>
      <line num="270" count="0" type="stmt"/>
      <line num="271" count="0" type="stmt"/>
      <line num="272" count="0" type="stmt"/>
      <line num="276" count="0" type="stmt"/>
      <line num="280" count="3" type="stmt"/>
    </file>
  </project>
</coverage>
