{"C:\\Users\\anast\\students_site_2 – копія\\form_application.js": {"path":"C:\\Users\\anast\\students_site_2 – копія\\form_application.js","statementMap":{"0":{"start":{"line":1,"column":16},"end":{"line":1,"column":34}},"1":{"start":{"line":2,"column":33},"end":{"line":2,"column":53}},"2":{"start":{"line":3,"column":13},"end":{"line":3,"column":28}},"3":{"start":{"line":5,"column":12},"end":{"line":5,"column":21}},"4":{"start":{"line":6,"column":0},"end":{"line":6,"column":30}},"5":{"start":{"line":7,"column":0},"end":{"line":7,"column":48}},"6":{"start":{"line":8,"column":0},"end":{"line":8,"column":34}},"7":{"start":{"line":9,"column":0},"end":{"line":9,"column":67}},"8":{"start":{"line":11,"column":18},"end":{"line":15,"column":2}},"9":{"start":{"line":18,"column":16},"end":{"line":25,"column":73}},"10":{"start":{"line":27,"column":18},"end":{"line":35,"column":74}},"11":{"start":{"line":37,"column":16},"end":{"line":44,"column":71}},"12":{"start":{"line":47,"column":0},"end":{"line":47,"column":57}},"13":{"start":{"line":48,"column":0},"end":{"line":48,"column":59}},"14":{"start":{"line":51,"column":20},"end":{"line":79,"column":1}},"15":{"start":{"line":81,"column":20},"end":{"line":117,"column":3}},"16":{"start":{"line":119,"column":14},"end":{"line":138,"column":1}},"17":{"start":{"line":141,"column":0},"end":{"line":148,"column":3}},"18":{"start":{"line":142,"column":2},"end":{"line":147,"column":3}},"19":{"start":{"line":143,"column":22},"end":{"line":143,"column":83}},"20":{"start":{"line":144,"column":4},"end":{"line":144,"column":24}},"21":{"start":{"line":146,"column":4},"end":{"line":146,"column":51}},"22":{"start":{"line":150,"column":0},"end":{"line":162,"column":3}},"23":{"start":{"line":151,"column":20},"end":{"line":151,"column":40}},"24":{"start":{"line":153,"column":2},"end":{"line":161,"column":3}},"25":{"start":{"line":154,"column":24},"end":{"line":157,"column":6}},"26":{"start":{"line":158,"column":4},"end":{"line":158,"column":26}},"27":{"start":{"line":160,"column":4},"end":{"line":160,"column":51}},"28":{"start":{"line":166,"column":0},"end":{"line":173,"column":3}},"29":{"start":{"line":167,"column":2},"end":{"line":172,"column":3}},"30":{"start":{"line":168,"column":21},"end":{"line":168,"column":82}},"31":{"start":{"line":169,"column":4},"end":{"line":169,"column":23}},"32":{"start":{"line":171,"column":4},"end":{"line":171,"column":51}},"33":{"start":{"line":175,"column":0},"end":{"line":230,"column":3}},"34":{"start":{"line":176,"column":2},"end":{"line":229,"column":3}},"35":{"start":{"line":192,"column":8},"end":{"line":192,"column":16}},"36":{"start":{"line":196,"column":20},"end":{"line":196,"column":82}},"37":{"start":{"line":197,"column":22},"end":{"line":197,"column":90}},"38":{"start":{"line":198,"column":20},"end":{"line":198,"column":82}},"39":{"start":{"line":200,"column":23},"end":{"line":200,"column":58}},"40":{"start":{"line":201,"column":25},"end":{"line":201,"column":66}},"41":{"start":{"line":202,"column":23},"end":{"line":202,"column":58}},"42":{"start":{"line":204,"column":4},"end":{"line":206,"column":5}},"43":{"start":{"line":205,"column":6},"end":{"line":205,"column":96}},"44":{"start":{"line":209,"column":27},"end":{"line":224,"column":6}},"45":{"start":{"line":226,"column":4},"end":{"line":226,"column":51}},"46":{"start":{"line":228,"column":4},"end":{"line":228,"column":51}},"47":{"start":{"line":232,"column":0},"end":{"line":253,"column":3}},"48":{"start":{"line":233,"column":22},"end":{"line":233,"column":35}},"49":{"start":{"line":235,"column":2},"end":{"line":252,"column":3}},"50":{"start":{"line":236,"column":22},"end":{"line":236,"column":61}},"51":{"start":{"line":238,"column":4},"end":{"line":240,"column":5}},"52":{"start":{"line":239,"column":6},"end":{"line":239,"column":71}},"53":{"start":{"line":243,"column":4},"end":{"line":248,"column":7}},"54":{"start":{"line":250,"column":4},"end":{"line":250,"column":23}},"55":{"start":{"line":251,"column":4},"end":{"line":251,"column":44}},"56":{"start":{"line":256,"column":0},"end":{"line":264,"column":3}},"57":{"start":{"line":257,"column":2},"end":{"line":263,"column":3}},"58":{"start":{"line":258,"column":19},"end":{"line":258,"column":40}},"59":{"start":{"line":259,"column":4},"end":{"line":259,"column":21}},"60":{"start":{"line":261,"column":4},"end":{"line":261,"column":23}},"61":{"start":{"line":262,"column":4},"end":{"line":262,"column":44}},"62":{"start":{"line":267,"column":0},"end":{"line":278,"column":1}},"63":{"start":{"line":268,"column":2},"end":{"line":277,"column":7}},"64":{"start":{"line":270,"column":6},"end":{"line":270,"column":44}},"65":{"start":{"line":271,"column":6},"end":{"line":273,"column":9}},"66":{"start":{"line":272,"column":8},"end":{"line":272,"column":51}},"67":{"start":{"line":276,"column":6},"end":{"line":276,"column":56}},"68":{"start":{"line":280,"column":0},"end":{"line":289,"column":2}}},"fnMap":{"0":{"name":"(anonymous_0)","decl":{"start":{"line":141,"column":40},"end":{"line":141,"column":41}},"loc":{"start":{"line":141,"column":60},"end":{"line":148,"column":1}},"line":141},"1":{"name":"(anonymous_1)","decl":{"start":{"line":150,"column":53},"end":{"line":150,"column":54}},"loc":{"start":{"line":150,"column":73},"end":{"line":162,"column":1}},"line":150},"2":{"name":"(anonymous_2)","decl":{"start":{"line":166,"column":39},"end":{"line":166,"column":40}},"loc":{"start":{"line":166,"column":59},"end":{"line":173,"column":1}},"line":166},"3":{"name":"(anonymous_3)","decl":{"start":{"line":175,"column":32},"end":{"line":175,"column":33}},"loc":{"start":{"line":175,"column":52},"end":{"line":230,"column":1}},"line":175},"4":{"name":"(anonymous_4)","decl":{"start":{"line":232,"column":28},"end":{"line":232,"column":29}},"loc":{"start":{"line":232,"column":48},"end":{"line":253,"column":1}},"line":232},"5":{"name":"(anonymous_5)","decl":{"start":{"line":256,"column":19},"end":{"line":256,"column":20}},"loc":{"start":{"line":256,"column":39},"end":{"line":264,"column":1}},"line":256},"6":{"name":"(anonymous_6)","decl":{"start":{"line":269,"column":10},"end":{"line":269,"column":11}},"loc":{"start":{"line":269,"column":16},"end":{"line":274,"column":5}},"line":269},"7":{"name":"(anonymous_7)","decl":{"start":{"line":271,"column":23},"end":{"line":271,"column":24}},"loc":{"start":{"line":271,"column":29},"end":{"line":273,"column":7}},"line":271},"8":{"name":"(anonymous_8)","decl":{"start":{"line":275,"column":11},"end":{"line":275,"column":12}},"loc":{"start":{"line":275,"column":18},"end":{"line":277,"column":5}},"line":275}},"branchMap":{"0":{"loc":{"start":{"line":200,"column":23},"end":{"line":200,"column":58}},"type":"cond-expr","locations":[{"start":{"line":200,"column":33},"end":{"line":200,"column":51}},{"start":{"line":200,"column":54},"end":{"line":200,"column":58}}],"line":200},"1":{"loc":{"start":{"line":201,"column":25},"end":{"line":201,"column":66}},"type":"cond-expr","locations":[{"start":{"line":201,"column":37},"end":{"line":201,"column":59}},{"start":{"line":201,"column":62},"end":{"line":201,"column":66}}],"line":201},"2":{"loc":{"start":{"line":202,"column":23},"end":{"line":202,"column":58}},"type":"cond-expr","locations":[{"start":{"line":202,"column":33},"end":{"line":202,"column":51}},{"start":{"line":202,"column":54},"end":{"line":202,"column":58}}],"line":202},"3":{"loc":{"start":{"line":204,"column":4},"end":{"line":206,"column":5}},"type":"if","locations":[{"start":{"line":204,"column":4},"end":{"line":206,"column":5}},{"start":{},"end":{}}],"line":204},"4":{"loc":{"start":{"line":204,"column":8},"end":{"line":204,"column":51}},"type":"binary-expr","locations":[{"start":{"line":204,"column":8},"end":{"line":204,"column":19}},{"start":{"line":204,"column":23},"end":{"line":204,"column":36}},{"start":{"line":204,"column":40},"end":{"line":204,"column":51}}],"line":204},"5":{"loc":{"start":{"line":238,"column":4},"end":{"line":240,"column":5}},"type":"if","locations":[{"start":{"line":238,"column":4},"end":{"line":240,"column":5}},{"start":{},"end":{}}],"line":238},"6":{"loc":{"start":{"line":267,"column":0},"end":{"line":278,"column":1}},"type":"if","locations":[{"start":{"line":267,"column":0},"end":{"line":278,"column":1}},{"start":{},"end":{}}],"line":267}},"s":{"0":3,"1":3,"2":3,"3":3,"4":3,"5":3,"6":3,"7":3,"8":3,"9":3,"10":3,"11":3,"12":3,"13":3,"14":3,"15":3,"16":3,"17":3,"18":2,"19":2,"20":1,"21":1,"22":3,"23":2,"24":2,"25":2,"26":1,"27":1,"28":3,"29":2,"30":2,"31":1,"32":1,"33":3,"34":7,"35":7,"36":7,"37":6,"38":6,"39":6,"40":6,"41":6,"42":6,"43":4,"44":2,"45":1,"46":2,"47":3,"48":3,"49":3,"50":3,"51":2,"52":1,"53":1,"54":1,"55":1,"56":3,"57":2,"58":2,"59":1,"60":1,"61":1,"62":3,"63":0,"64":0,"65":0,"66":0,"67":0,"68":3},"f":{"0":2,"1":2,"2":2,"3":7,"4":3,"5":2,"6":0,"7":0,"8":0},"b":{"0":[4,2],"1":[4,2],"2":[4,2],"3":[4,2],"4":[6,4,3],"5":[1,1],"6":[0,3]},"_coverageSchema":"1a1c01bbd47fc00a2c39e90264f33305004495a9","hash":"37c9c54ece5c85b468f9b60c5f02a9efd711ef2d"}
}
