TN:
SF:form_application.js
FN:141,(anonymous_0)
FN:150,(anonymous_1)
FN:166,(anonymous_2)
FN:175,(anonymous_3)
FN:232,(anonymous_4)
FN:256,(anonymous_5)
FN:269,(anonymous_6)
FN:271,(anonymous_7)
FN:275,(anonymous_8)
FNF:9
FNH:6
FNDA:2,(anonymous_0)
FNDA:2,(anonymous_1)
FNDA:2,(anonymous_2)
FNDA:7,(anonymous_3)
FNDA:3,(anonymous_4)
FNDA:2,(anonymous_5)
FNDA:0,(anonymous_6)
FNDA:0,(anonymous_7)
FNDA:0,(anonymous_8)
DA:1,3
DA:2,3
DA:3,3
DA:5,3
DA:6,3
DA:7,3
DA:8,3
DA:9,3
DA:11,3
DA:18,3
DA:27,3
DA:37,3
DA:47,3
DA:48,3
DA:51,3
DA:81,3
DA:119,3
DA:141,3
DA:142,2
DA:143,2
DA:144,1
DA:146,1
DA:150,3
DA:151,2
DA:153,2
DA:154,2
DA:158,1
DA:160,1
DA:166,3
DA:167,2
DA:168,2
DA:169,1
DA:171,1
DA:175,3
DA:176,7
DA:192,7
DA:196,7
DA:197,6
DA:198,6
DA:200,6
DA:201,6
DA:202,6
DA:204,6
DA:205,4
DA:209,2
DA:226,1
DA:228,2
DA:232,3
DA:233,3
DA:235,3
DA:236,3
DA:238,2
DA:239,1
DA:243,1
DA:250,1
DA:251,1
DA:256,3
DA:257,2
DA:258,2
DA:259,1
DA:261,1
DA:262,1
DA:267,3
DA:268,0
DA:270,0
DA:271,0
DA:272,0
DA:276,0
DA:280,3
LF:69
LH:64
BRDA:200,0,0,4
BRDA:200,0,1,2
BRDA:201,1,0,4
BRDA:201,1,1,2
BRDA:202,2,0,4
BRDA:202,2,1,2
BRDA:204,3,0,4
BRDA:204,3,1,2
BRDA:204,4,0,6
BRDA:204,4,1,4
BRDA:204,4,2,3
BRDA:238,5,0,1
BRDA:238,5,1,1
BRDA:267,6,0,0
BRDA:267,6,1,3
BRF:15
BRH:14
end_of_record
